0 info it worked if it ends with ok
1 verbose cli [ 'node', '/usr/local/bin/npm', 'install' ]
2 info using npm@2.5.1
3 info using node@v0.12.1
4 verbose install where, deps [ '/Users/josephhsieh/Documents/GitHub/team-c-server',
4 verbose install   [ 'express',
4 verbose install     'mongoose',
4 verbose install     'body-parser',
4 verbose install     'mongodb',
4 verbose install     'moment',
4 verbose install     'cfenv' ] ]
5 verbose install where, peers [ '/Users/josephhsieh/Documents/GitHub/team-c-server', [] ]
6 info preinstall NodejsStarterApp@0.0.1
7 silly cache add args [ 'mongoose@~3.6.13', null ]
8 verbose cache add spec mongoose@~3.6.13
9 silly cache add parsed spec { raw: 'mongoose@~3.6.13',
9 silly cache add   scope: null,
9 silly cache add   name: 'mongoose',
9 silly cache add   rawSpec: '~3.6.13',
9 silly cache add   spec: '>=3.6.13 <3.7.0',
9 silly cache add   type: 'range' }
10 verbose addNamed mongoose@>=3.6.13 <3.7.0
11 silly addNamed semver.valid null
12 silly addNamed semver.validRange >=3.6.13 <3.7.0
13 silly addNameRange { name: 'mongoose', range: '>=3.6.13 <3.7.0', hasData: false }
14 silly mapToRegistry name mongoose
15 silly mapToRegistry using default registry
16 silly mapToRegistry registry https://registry.npmjs.org/
17 silly mapToRegistry uri https://registry.npmjs.org/mongoose
18 verbose addNameRange registry:https://registry.npmjs.org/mongoose not in flight; fetching
19 silly cache add args [ 'body-parser@~1.0.1', null ]
20 verbose cache add spec body-parser@~1.0.1
21 silly cache add parsed spec { raw: 'body-parser@~1.0.1',
21 silly cache add   scope: null,
21 silly cache add   name: 'body-parser',
21 silly cache add   rawSpec: '~1.0.1',
21 silly cache add   spec: '>=1.0.1 <1.1.0',
21 silly cache add   type: 'range' }
22 verbose addNamed body-parser@>=1.0.1 <1.1.0
23 silly addNamed semver.valid null
24 silly addNamed semver.validRange >=1.0.1 <1.1.0
25 silly addNameRange { name: 'body-parser', range: '>=1.0.1 <1.1.0', hasData: false }
26 silly mapToRegistry name body-parser
27 silly mapToRegistry using default registry
28 silly mapToRegistry registry https://registry.npmjs.org/
29 silly mapToRegistry uri https://registry.npmjs.org/body-parser
30 verbose addNameRange registry:https://registry.npmjs.org/body-parser not in flight; fetching
31 silly cache add args [ 'mongodb@^2.0.45', null ]
32 verbose cache add spec mongodb@^2.0.45
33 silly cache add parsed spec { raw: 'mongodb@^2.0.45',
33 silly cache add   scope: null,
33 silly cache add   name: 'mongodb',
33 silly cache add   rawSpec: '^2.0.45',
33 silly cache add   spec: '>=2.0.45 <3.0.0',
33 silly cache add   type: 'range' }
34 verbose addNamed mongodb@>=2.0.45 <3.0.0
35 silly addNamed semver.valid null
36 silly addNamed semver.validRange >=2.0.45 <3.0.0
37 silly addNameRange { name: 'mongodb', range: '>=2.0.45 <3.0.0', hasData: false }
38 silly mapToRegistry name mongodb
39 silly mapToRegistry using default registry
40 silly mapToRegistry registry https://registry.npmjs.org/
41 silly mapToRegistry uri https://registry.npmjs.org/mongodb
42 verbose addNameRange registry:https://registry.npmjs.org/mongodb not in flight; fetching
43 silly cache add args [ 'moment@^2.13.0', null ]
44 verbose cache add spec moment@^2.13.0
45 silly cache add parsed spec { raw: 'moment@^2.13.0',
45 silly cache add   scope: null,
45 silly cache add   name: 'moment',
45 silly cache add   rawSpec: '^2.13.0',
45 silly cache add   spec: '>=2.13.0 <3.0.0',
45 silly cache add   type: 'range' }
46 verbose addNamed moment@>=2.13.0 <3.0.0
47 silly addNamed semver.valid null
48 silly addNamed semver.validRange >=2.13.0 <3.0.0
49 silly addNameRange { name: 'moment', range: '>=2.13.0 <3.0.0', hasData: false }
50 silly mapToRegistry name moment
51 silly mapToRegistry using default registry
52 silly mapToRegistry registry https://registry.npmjs.org/
53 silly mapToRegistry uri https://registry.npmjs.org/moment
54 verbose addNameRange registry:https://registry.npmjs.org/moment not in flight; fetching
55 silly cache add args [ 'cfenv@1.0.x', null ]
56 verbose cache add spec cfenv@1.0.x
57 silly cache add parsed spec { raw: 'cfenv@1.0.x',
57 silly cache add   scope: null,
57 silly cache add   name: 'cfenv',
57 silly cache add   rawSpec: '1.0.x',
57 silly cache add   spec: '>=1.0.0 <1.1.0',
57 silly cache add   type: 'range' }
58 verbose addNamed cfenv@>=1.0.0 <1.1.0
59 silly addNamed semver.valid null
60 silly addNamed semver.validRange >=1.0.0 <1.1.0
61 silly addNameRange { name: 'cfenv', range: '>=1.0.0 <1.1.0', hasData: false }
62 silly mapToRegistry name cfenv
63 silly mapToRegistry using default registry
64 silly mapToRegistry registry https://registry.npmjs.org/
65 silly mapToRegistry uri https://registry.npmjs.org/cfenv
66 verbose addNameRange registry:https://registry.npmjs.org/cfenv not in flight; fetching
67 silly cache add args [ 'express@4.13.x', null ]
68 verbose cache add spec express@4.13.x
69 silly cache add parsed spec { raw: 'express@4.13.x',
69 silly cache add   scope: null,
69 silly cache add   name: 'express',
69 silly cache add   rawSpec: '4.13.x',
69 silly cache add   spec: '>=4.13.0 <4.14.0',
69 silly cache add   type: 'range' }
70 verbose addNamed express@>=4.13.0 <4.14.0
71 silly addNamed semver.valid null
72 silly addNamed semver.validRange >=4.13.0 <4.14.0
73 silly addNameRange { name: 'express', range: '>=4.13.0 <4.14.0', hasData: false }
74 silly mapToRegistry name express
75 silly mapToRegistry using default registry
76 silly mapToRegistry registry https://registry.npmjs.org/
77 silly mapToRegistry uri https://registry.npmjs.org/express
78 verbose addNameRange registry:https://registry.npmjs.org/express not in flight; fetching
79 verbose request uri https://registry.npmjs.org/mongodb
80 verbose request no auth needed
81 info attempt registry request try #1 at 11:53:20 PM
82 verbose request id 875dc2c7dadec784
83 http request GET https://registry.npmjs.org/mongodb
84 verbose request uri https://registry.npmjs.org/cfenv
85 verbose request no auth needed
86 info attempt registry request try #1 at 11:53:20 PM
87 verbose etag "F0UR7I4OOKXYAS7AJ49FOUSIB"
88 http request GET https://registry.npmjs.org/cfenv
89 verbose request uri https://registry.npmjs.org/body-parser
90 verbose request no auth needed
91 info attempt registry request try #1 at 11:53:20 PM
92 verbose etag "9ET5UOCMF8M9EAMY3RLHIG8NQ"
93 http request GET https://registry.npmjs.org/body-parser
94 verbose request uri https://registry.npmjs.org/moment
95 verbose request no auth needed
96 info attempt registry request try #1 at 11:53:20 PM
97 verbose etag "9PCQZ8SJ00XMZR3KI6LX0TO3P"
98 http request GET https://registry.npmjs.org/moment
99 verbose request uri https://registry.npmjs.org/mongoose
100 verbose request no auth needed
101 info attempt registry request try #1 at 11:53:20 PM
102 verbose etag "BJCPOR7QNIAGQWY4X4FFQXSEF"
103 http request GET https://registry.npmjs.org/mongoose
104 verbose request uri https://registry.npmjs.org/express
105 verbose request no auth needed
106 info attempt registry request try #1 at 11:53:20 PM
107 verbose etag "CXGGHX98U0O16JVTXUV1CIIPO"
108 http request GET https://registry.npmjs.org/express
109 http 304 https://registry.npmjs.org/moment
110 silly get cb [ 304,
110 silly get   { date: 'Sun, 05 Jun 2016 03:53:20 GMT',
110 silly get     via: '1.1 varnish',
110 silly get     'cache-control': 'max-age=300',
110 silly get     etag: '"9PCQZ8SJ00XMZR3KI6LX0TO3P"',
110 silly get     age: '102',
110 silly get     connection: 'keep-alive',
110 silly get     'x-served-by': 'cache-atl6238-ATL',
110 silly get     'x-cache': 'HIT',
110 silly get     'x-cache-hits': '1',
110 silly get     'x-timer': 'S1465098800.752740,VS0,VE0',
110 silly get     vary: 'Accept-Encoding' } ]
111 verbose etag https://registry.npmjs.org/moment from cache
112 verbose get saving moment to /Users/josephhsieh/.npm/registry.npmjs.org/moment/.cache.json
113 http 304 https://registry.npmjs.org/mongoose
114 silly get cb [ 304,
114 silly get   { date: 'Sun, 05 Jun 2016 03:53:20 GMT',
114 silly get     via: '1.1 varnish',
114 silly get     'cache-control': 'max-age=300',
114 silly get     etag: '"BJCPOR7QNIAGQWY4X4FFQXSEF"',
114 silly get     age: '191',
114 silly get     connection: 'keep-alive',
114 silly get     'x-served-by': 'cache-atl6243-ATL',
114 silly get     'x-cache': 'HIT',
114 silly get     'x-cache-hits': '1',
114 silly get     'x-timer': 'S1465098800.753879,VS0,VE0',
114 silly get     vary: 'Accept-Encoding' } ]
115 verbose etag https://registry.npmjs.org/mongoose from cache
116 verbose get saving mongoose to /Users/josephhsieh/.npm/registry.npmjs.org/mongoose/.cache.json
117 silly addNameRange number 2 { name: 'moment', range: '>=2.13.0 <3.0.0', hasData: true }
118 silly addNameRange versions [ 'moment',
118 silly addNameRange   [ '1.0.0',
118 silly addNameRange     '1.0.1',
118 silly addNameRange     '1.1.0',
118 silly addNameRange     '1.1.1',
118 silly addNameRange     '1.2.0',
118 silly addNameRange     '1.3.0',
118 silly addNameRange     '1.4.0',
118 silly addNameRange     '1.5.0',
118 silly addNameRange     '1.5.1',
118 silly addNameRange     '1.6.0',
118 silly addNameRange     '1.6.1',
118 silly addNameRange     '1.6.2',
118 silly addNameRange     '1.7.0',
118 silly addNameRange     '1.7.1',
118 silly addNameRange     '1.7.2',
118 silly addNameRange     '2.0.0',
118 silly addNameRange     '2.1.0',
118 silly addNameRange     '2.2.1',
118 silly addNameRange     '2.3.0',
118 silly addNameRange     '2.3.1',
118 silly addNameRange     '2.4.0',
118 silly addNameRange     '2.5.0',
118 silly addNameRange     '2.5.1',
118 silly addNameRange     '2.6.0',
118 silly addNameRange     '2.7.0',
118 silly addNameRange     '2.8.1',
118 silly addNameRange     '2.8.2',
118 silly addNameRange     '2.8.3',
118 silly addNameRange     '2.8.4',
118 silly addNameRange     '2.9.0',
118 silly addNameRange     '2.10.2',
118 silly addNameRange     '2.10.3',
118 silly addNameRange     '2.10.5',
118 silly addNameRange     '2.10.6',
118 silly addNameRange     '2.11.0',
118 silly addNameRange     '2.11.1',
118 silly addNameRange     '2.11.2',
118 silly addNameRange     '2.12.0',
118 silly addNameRange     '2.13.0' ] ]
119 verbose addNamed moment@2.13.0
120 silly addNamed semver.valid 2.13.0
121 silly addNamed semver.validRange 2.13.0
122 silly addNameRange number 2 { name: 'mongoose', range: '>=3.6.13 <3.7.0', hasData: true }
123 silly addNameRange versions [ 'mongoose',
123 silly addNameRange   [ '0.0.1',
123 silly addNameRange     '0.0.2',
123 silly addNameRange     '0.0.3',
123 silly addNameRange     '0.0.4',
123 silly addNameRange     '0.0.5',
123 silly addNameRange     '1.0.0',
123 silly addNameRange     '1.0.1',
123 silly addNameRange     '1.0.2',
123 silly addNameRange     '0.0.6',
123 silly addNameRange     '1.0.3',
123 silly addNameRange     '1.0.4',
123 silly addNameRange     '1.0.5',
123 silly addNameRange     '1.0.6',
123 silly addNameRange     '1.0.7',
123 silly addNameRange     '1.0.8',
123 silly addNameRange     '1.0.10',
123 silly addNameRange     '1.0.11',
123 silly addNameRange     '1.0.12',
123 silly addNameRange     '1.0.13',
123 silly addNameRange     '1.0.14',
123 silly addNameRange     '1.0.15',
123 silly addNameRange     '1.0.16',
123 silly addNameRange     '1.1.0',
123 silly addNameRange     '1.1.1',
123 silly addNameRange     '1.1.2',
123 silly addNameRange     '1.1.3',
123 silly addNameRange     '1.1.4',
123 silly addNameRange     '1.1.5',
123 silly addNameRange     '1.1.6',
123 silly addNameRange     '1.1.7',
123 silly addNameRange     '1.1.8',
123 silly addNameRange     '1.1.9',
123 silly addNameRange     '1.1.10',
123 silly addNameRange     '1.1.11',
123 silly addNameRange     '1.1.12',
123 silly addNameRange     '1.1.13',
123 silly addNameRange     '1.1.14',
123 silly addNameRange     '1.1.15',
123 silly addNameRange     '1.1.16',
123 silly addNameRange     '1.1.17',
123 silly addNameRange     '1.1.18',
123 silly addNameRange     '1.1.19',
123 silly addNameRange     '1.1.20',
123 silly addNameRange     '1.1.21',
123 silly addNameRange     '1.1.22',
123 silly addNameRange     '1.1.23',
123 silly addNameRange     '1.1.24',
123 silly addNameRange     '1.1.25',
123 silly addNameRange     '1.2.0',
123 silly addNameRange     '1.3.0',
123 silly addNameRange     '1.3.1',
123 silly addNameRange     '1.3.2',
123 silly addNameRange     '1.3.3',
123 silly addNameRange     '1.3.4',
123 silly addNameRange     '1.3.5',
123 silly addNameRange     '1.3.6',
123 silly addNameRange     '1.3.7',
123 silly addNameRange     '1.4.0',
123 silly addNameRange     '1.5.0',
123 silly addNameRange     '1.6.0',
123 silly addNameRange     '1.7.2',
123 silly addNameRange     '1.7.3',
123 silly addNameRange     '1.7.4',
123 silly addNameRange     '1.8.0',
123 silly addNameRange     '1.8.1',
123 silly addNameRange     '1.8.2',
123 silly addNameRange     '1.8.3',
123 silly addNameRange     '1.8.4',
123 silly addNameRange     '2.0.0',
123 silly addNameRange     '2.0.1',
123 silly addNameRange     '2.0.2',
123 silly addNameRange     '2.0.3',
123 silly addNameRange     '2.0.4',
123 silly addNameRange     '2.1.0',
123 silly addNameRange     '2.1.1',
123 silly addNameRange     '2.1.2',
123 silly addNameRange     '2.1.3',
123 silly addNameRange     '2.1.4',
123 silly addNameRange     '2.2.0',
123 silly addNameRange     '2.2.1',
123 silly addNameRange     '2.2.2',
123 silly addNameRange     '2.2.3',
123 silly addNameRange     '2.2.4',
123 silly addNameRange     '2.3.0',
123 silly addNameRange     '2.3.1',
123 silly addNameRange     '2.3.2',
123 silly addNameRange     '2.3.3',
123 silly addNameRange     '2.3.4',
123 silly addNameRange     '2.3.5',
123 silly addNameRange     '2.3.6',
123 silly addNameRange     '2.3.7',
123 silly addNameRange     '2.3.8',
123 silly addNameRange     '2.3.9',
123 silly addNameRange     '2.3.10',
123 silly addNameRange     '2.3.11',
123 silly addNameRange     '2.3.12',
123 silly addNameRange     '2.3.13',
123 silly addNameRange     '2.4.0',
123 silly addNameRange     '2.4.1',
123 silly addNameRange     '2.4.2',
123 silly addNameRange     '2.4.3',
123 silly addNameRange     '2.4.4',
123 silly addNameRange     '2.4.5',
123 silly addNameRange     '2.4.6',
123 silly addNameRange     '2.4.7',
123 silly addNameRange     '2.4.8',
123 silly addNameRange     '2.4.9',
123 silly addNameRange     '2.4.10',
123 silly addNameRange     '2.5.0',
123 silly addNameRange     '2.5.1',
123 silly addNameRange     '2.5.2',
123 silly addNameRange     '2.5.3',
123 silly addNameRange     '2.5.4',
123 silly addNameRange     '2.5.5',
123 silly addNameRange     '2.5.6',
123 silly addNameRange     '2.5.7',
123 silly addNameRange     '2.5.8',
123 silly addNameRange     '2.5.9',
123 silly addNameRange     '2.5.10',
123 silly addNameRange     '2.5.11',
123 silly addNameRange     '2.5.12',
123 silly addNameRange     '2.5.13',
123 silly addNameRange     '2.5.14',
123 silly addNameRange     '2.6.0',
123 silly addNameRange     '2.6.1',
123 silly addNameRange     '2.6.2',
123 silly addNameRange     '2.6.3',
123 silly addNameRange     '2.6.4',
123 silly addNameRange     '2.6.5',
123 silly addNameRange     '2.6.6',
123 silly addNameRange     '2.6.7',
123 silly addNameRange     '2.6.8',
123 silly addNameRange     '2.7.0',
123 silly addNameRange     '2.7.1',
123 silly addNameRange     '2.7.2',
123 silly addNameRange     '2.7.4',
123 silly addNameRange     '2.7.3',
123 silly addNameRange     '3.0.0',
123 silly addNameRange     '3.0.1',
123 silly addNameRange     '3.0.2',
123 silly addNameRange     '2.8.0',
123 silly addNameRange     '3.0.3',
123 silly addNameRange     '3.1.0',
123 silly addNameRange     '2.8.1',
123 silly addNameRange     '3.1.1',
123 silly addNameRange     '2.8.2',
123 silly addNameRange     '2.8.3',
123 silly addNameRange     '2.9.0',
123 silly addNameRange     '3.2.0',
123 silly addNameRange     '2.9.1',
123 silly addNameRange     '3.2.1',
123 silly addNameRange     '2.9.2',
123 silly addNameRange     '3.2.2',
123 silly addNameRange     '3.3.0',
123 silly addNameRange     '3.3.1',
123 silly addNameRange     '2.9.3',
123 silly addNameRange     '3.4.0',
123 silly addNameRange     '2.9.4',
123 silly addNameRange     '2.9.5',
123 silly addNameRange     '3.5.0',
123 silly addNameRange     '3.5.1',
123 silly addNameRange     '3.5.2',
123 silly addNameRange     '3.5.3',
123 silly addNameRange     '2.9.6',
123 silly addNameRange     '2.9.7',
123 silly addNameRange     '3.5.4',
123 silly addNameRange     '3.5.5',
123 silly addNameRange     '2.9.8',
123 silly addNameRange     '2.9.9',
123 silly addNameRange     '3.5.6',
123 silly addNameRange     '3.5.7',
123 silly addNameRange     '3.5.8',
123 silly addNameRange     '2.9.10',
123 silly addNameRange     '3.5.9',
123 silly addNameRange     '3.6.2',
123 silly addNameRange     '3.5.10',
123 silly addNameRange     '3.6.3',
123 silly addNameRange     '3.5.11',
123 silly addNameRange     '3.6.4',
123 silly addNameRange     '3.6.5',
123 silly addNameRange     '3.6.6',
123 silly addNameRange     '3.6.7',
123 silly addNameRange     '3.5.12',
123 silly addNameRange     '3.6.8',
123 silly addNameRange     '3.6.9',
123 silly addNameRange     '3.6.10',
123 silly addNameRange     '3.5.13',
123 silly addNameRange     '3.5.14',
123 silly addNameRange     '3.6.11',
123 silly addNameRange     '3.6.12',
123 silly addNameRange     '3.6.13',
123 silly addNameRange     '3.6.14',
123 silly addNameRange     '3.6.15',
123 silly addNameRange     '3.5.15',
123 silly addNameRange     '3.7.0',
123 silly addNameRange     '3.6.16',
123 silly addNameRange     '3.5.16',
123 silly addNameRange     '3.6.17',
123 silly addNameRange     '3.7.2',
123 silly addNameRange     '3.0.0-alpha1',
123 silly addNameRange     '3.0.0-alpha2',
123 silly addNameRange     '3.0.0-rc0',
123 silly addNameRange     '3.6.0-rc0',
123 silly addNameRange     '3.6.0-rc1',
123 silly addNameRange     '3.6.18',
123 silly addNameRange     '3.7.3',
123 silly addNameRange     '3.6.19',
123 silly addNameRange     '3.6.20',
123 silly addNameRange     '3.7.4',
123 silly addNameRange     '3.8.0',
123 silly addNameRange     '3.8.1',
123 silly addNameRange     '3.8.2',
123 silly addNameRange     '3.8.3',
123 silly addNameRange     '3.8.4',
123 silly addNameRange     '3.8.5',
123 silly addNameRange     '3.8.6',
123 silly addNameRange     '3.8.7',
123 silly addNameRange     '3.8.8',
123 silly addNameRange     '3.8.9',
123 silly addNameRange     '3.8.10',
123 silly addNameRange     '3.8.11',
123 silly addNameRange     '3.9.0',
123 silly addNameRange     '3.8.12',
123 silly addNameRange     '3.8.13',
123 silly addNameRange     '3.8.14',
123 silly addNameRange     '3.8.15',
123 silly addNameRange     '3.9.1',
123 silly addNameRange     '3.8.16',
123 silly addNameRange     '3.9.2',
123 silly addNameRange     '3.8.17',
123 silly addNameRange     '3.9.3',
123 silly addNameRange     '3.8.18',
123 silly addNameRange     '3.9.4',
123 silly addNameRange     '3.8.19',
123 silly addNameRange     '3.9.5',
123 silly addNameRange     '3.8.20',
123 silly addNameRange     '3.9.6',
123 silly addNameRange     '3.8.21',
123 silly addNameRange     '3.9.7',
123 silly addNameRange     '3.8.22',
123 silly addNameRange     '4.0.0-rc0',
123 silly addNameRange     '4.0.0-rc1',
123 silly addNameRange     '3.8.23',
123 silly addNameRange     '4.0.0-rc2',
123 silly addNameRange     '3.8.24',
123 silly addNameRange     '4.0.0-rc3',
123 silly addNameRange     '3.8.25',
123 silly addNameRange     '4.0.0-rc4',
123 silly addNameRange     '4.0.0',
123 silly addNameRange     '4.0.1',
123 silly addNameRange     '3.8.26',
123 silly addNameRange     '3.8.27',
123 silly addNameRange     '4.0.2',
123 silly addNameRange     '3.8.28',
123 silly addNameRange     '4.0.3',
123 silly addNameRange     '3.8.29',
123 silly addNameRange     '4.0.4',
123 silly addNameRange     '3.8.30',
123 silly addNameRange     '4.0.5',
123 silly addNameRange     '3.8.31',
123 silly addNameRange     '4.0.6',
123 silly addNameRange     '3.8.33',
123 silly addNameRange     '4.0.7',
123 silly addNameRange     '3.8.34',
123 silly addNameRange     '4.0.8',
123 silly addNameRange     '4.1.0',
123 silly addNameRange     '4.1.1',
123 silly addNameRange     '4.1.2',
123 silly addNameRange     '3.8.35',
123 silly addNameRange     '4.1.3',
123 silly addNameRange     '4.1.5',
123 silly addNameRange     '4.1.6',
123 silly addNameRange     '4.1.7',
123 silly addNameRange     '4.1.8',
123 silly addNameRange     '4.1.9',
123 silly addNameRange     '4.1.10',
123 silly addNameRange     '4.1.11',
123 silly addNameRange     '3.8.36',
123 silly addNameRange     '4.1.12',
123 silly addNameRange     '4.2.0',
123 silly addNameRange     '4.2.1',
123 silly addNameRange     '4.2.2',
123 silly addNameRange     '4.2.3',
123 silly addNameRange     '4.2.4',
123 silly addNameRange     '4.2.5',
123 silly addNameRange     '3.8.37',
123 silly addNameRange     '4.2.6',
123 silly addNameRange     '4.2.7',
123 silly addNameRange     '4.2.8',
123 silly addNameRange     '4.2.9',
123 silly addNameRange     '4.2.10',
123 silly addNameRange     '4.3.0',
123 silly addNameRange     '4.3.1',
123 silly addNameRange     '4.3.2',
123 silly addNameRange     '4.3.3',
123 silly addNameRange     '4.3.4',
123 silly addNameRange     '3.8.38',
123 silly addNameRange     '4.3.5',
123 silly addNameRange     '4.3.6',
123 silly addNameRange     '3.8.39',
123 silly addNameRange     '4.3.7',
123 silly addNameRange     '4.4.0',
123 silly addNameRange     '4.4.1',
123 silly addNameRange     '4.4.2',
123 silly addNameRange     '4.4.3',
123 silly addNameRange     '4.4.4',
123 silly addNameRange     '4.4.5',
123 silly addNameRange     '4.4.6',
123 silly addNameRange     '4.4.7',
123 silly addNameRange     '4.4.8',
123 silly addNameRange     '4.4.9',
123 silly addNameRange     '4.4.10',
123 silly addNameRange     '4.4.11',
123 silly addNameRange     '4.4.12',
123 silly addNameRange     '4.4.13',
123 silly addNameRange     '3.8.40',
123 silly addNameRange     '4.4.14',
123 silly addNameRange     '4.4.15',
123 silly addNameRange     '4.4.16',
123 silly addNameRange     '4.4.17',
123 silly addNameRange     '4.4.18',
123 silly addNameRange     '4.4.19' ] ]
124 verbose addNamed mongoose@3.6.20
125 silly addNamed semver.valid 3.6.20
126 silly addNamed semver.validRange 3.6.20
127 silly cache afterAdd moment@2.13.0
128 verbose afterAdd /Users/josephhsieh/.npm/moment/2.13.0/package/package.json not in flight; writing
129 silly cache afterAdd mongoose@3.6.20
130 verbose afterAdd /Users/josephhsieh/.npm/mongoose/3.6.20/package/package.json not in flight; writing
131 http 200 https://registry.npmjs.org/body-parser
132 silly get cb [ 200,
132 silly get   { server: 'CouchDB/1.5.0 (Erlang OTP/R16B03)',
132 silly get     etag: '"VEG830551ZUFM7TK80R8GNDD"',
132 silly get     'content-type': 'application/json',
132 silly get     'content-encoding': 'gzip',
132 silly get     'cache-control': 'max-age=300',
132 silly get     'content-length': '15609',
132 silly get     'accept-ranges': 'bytes',
132 silly get     date: 'Sun, 05 Jun 2016 03:53:20 GMT',
132 silly get     via: '1.1 varnish',
132 silly get     age: '218',
132 silly get     connection: 'keep-alive',
132 silly get     'x-served-by': 'cache-atl6235-ATL',
132 silly get     'x-cache': 'HIT',
132 silly get     'x-cache-hits': '1',
132 silly get     'x-timer': 'S1465098800.751793,VS0,VE0',
132 silly get     vary: 'Accept-Encoding' } ]
133 verbose get saving body-parser to /Users/josephhsieh/.npm/registry.npmjs.org/body-parser/.cache.json
134 verbose afterAdd /Users/josephhsieh/.npm/moment/2.13.0/package/package.json written
135 verbose afterAdd /Users/josephhsieh/.npm/mongoose/3.6.20/package/package.json written
136 silly addNameRange number 2 { name: 'body-parser', range: '>=1.0.1 <1.1.0', hasData: true }
137 silly addNameRange versions [ 'body-parser',
137 silly addNameRange   [ '1.0.0',
137 silly addNameRange     '1.0.1',
137 silly addNameRange     '1.0.2',
137 silly addNameRange     '1.1.0',
137 silly addNameRange     '1.1.1',
137 silly addNameRange     '1.1.2',
137 silly addNameRange     '1.2.0',
137 silly addNameRange     '1.2.1',
137 silly addNameRange     '1.2.2',
137 silly addNameRange     '1.3.0',
137 silly addNameRange     '1.3.1',
137 silly addNameRange     '1.4.0',
137 silly addNameRange     '1.4.1',
137 silly addNameRange     '1.4.2',
137 silly addNameRange     '1.4.3',
137 silly addNameRange     '1.5.0',
137 silly addNameRange     '1.5.1',
137 silly addNameRange     '1.5.2',
137 silly addNameRange     '1.6.0',
137 silly addNameRange     '1.6.1',
137 silly addNameRange     '1.6.2',
137 silly addNameRange     '1.6.3',
137 silly addNameRange     '1.6.4',
137 silly addNameRange     '1.6.5',
137 silly addNameRange     '1.6.6',
137 silly addNameRange     '1.6.7',
137 silly addNameRange     '1.7.0',
137 silly addNameRange     '1.8.0',
137 silly addNameRange     '1.8.1',
137 silly addNameRange     '1.8.2',
137 silly addNameRange     '1.8.3',
137 silly addNameRange     '1.8.4',
137 silly addNameRange     '1.9.0',
137 silly addNameRange     '1.9.1',
137 silly addNameRange     '1.9.2',
137 silly addNameRange     '1.9.3',
137 silly addNameRange     '1.10.0',
137 silly addNameRange     '1.10.1',
137 silly addNameRange     '1.10.2',
137 silly addNameRange     '1.11.0',
137 silly addNameRange     '1.12.0',
137 silly addNameRange     '1.12.1',
137 silly addNameRange     '1.12.2',
137 silly addNameRange     '1.12.3',
137 silly addNameRange     '1.12.4',
137 silly addNameRange     '1.13.0',
137 silly addNameRange     '1.13.1',
137 silly addNameRange     '1.13.2',
137 silly addNameRange     '1.13.3',
137 silly addNameRange     '1.14.0',
137 silly addNameRange     '1.14.1',
137 silly addNameRange     '1.14.2',
137 silly addNameRange     '1.15.0',
137 silly addNameRange     '1.15.1' ] ]
138 verbose addNamed body-parser@1.0.2
139 silly addNamed semver.valid 1.0.2
140 silly addNamed semver.validRange 1.0.2
141 silly cache afterAdd body-parser@1.0.2
142 verbose afterAdd /Users/josephhsieh/.npm/body-parser/1.0.2/package/package.json not in flight; writing
143 verbose afterAdd /Users/josephhsieh/.npm/body-parser/1.0.2/package/package.json written
144 http 200 https://registry.npmjs.org/express
145 silly get cb [ 200,
145 silly get   { server: 'CouchDB/1.5.0 (Erlang OTP/R16B03)',
145 silly get     etag: '"C2Y3SXIV9J6JVOT4RDBQVAAOS"',
145 silly get     'content-type': 'application/json',
145 silly get     'content-encoding': 'gzip',
145 silly get     'cache-control': 'max-age=300',
145 silly get     'content-length': '54697',
145 silly get     'accept-ranges': 'bytes',
145 silly get     date: 'Sun, 05 Jun 2016 03:53:20 GMT',
145 silly get     via: '1.1 varnish',
145 silly get     age: '175',
145 silly get     connection: 'keep-alive',
145 silly get     'x-served-by': 'cache-atl6232-ATL',
145 silly get     'x-cache': 'HIT',
145 silly get     'x-cache-hits': '2',
145 silly get     'x-timer': 'S1465098800.753680,VS0,VE0',
145 silly get     vary: 'Accept-Encoding' } ]
146 verbose get saving express to /Users/josephhsieh/.npm/registry.npmjs.org/express/.cache.json
147 silly addNameRange number 2 { name: 'express', range: '>=4.13.0 <4.14.0', hasData: true }
148 silly addNameRange versions [ 'express',
148 silly addNameRange   [ '0.14.0',
148 silly addNameRange     '0.14.1',
148 silly addNameRange     '1.0.0',
148 silly addNameRange     '1.0.1',
148 silly addNameRange     '1.0.2',
148 silly addNameRange     '1.0.3',
148 silly addNameRange     '1.0.4',
148 silly addNameRange     '1.0.5',
148 silly addNameRange     '1.0.6',
148 silly addNameRange     '1.0.7',
148 silly addNameRange     '1.0.8',
148 silly addNameRange     '2.0.0',
148 silly addNameRange     '2.1.0',
148 silly addNameRange     '2.1.1',
148 silly addNameRange     '2.2.0',
148 silly addNameRange     '2.2.1',
148 silly addNameRange     '2.2.2',
148 silly addNameRange     '2.3.0',
148 silly addNameRange     '2.3.1',
148 silly addNameRange     '2.3.2',
148 silly addNameRange     '2.3.3',
148 silly addNameRange     '2.3.4',
148 silly addNameRange     '2.3.5',
148 silly addNameRange     '2.3.6',
148 silly addNameRange     '2.3.7',
148 silly addNameRange     '2.3.8',
148 silly addNameRange     '2.3.9',
148 silly addNameRange     '2.3.10',
148 silly addNameRange     '2.3.11',
148 silly addNameRange     '2.3.12',
148 silly addNameRange     '2.4.0',
148 silly addNameRange     '2.4.1',
148 silly addNameRange     '2.4.2',
148 silly addNameRange     '2.4.3',
148 silly addNameRange     '2.4.4',
148 silly addNameRange     '2.4.5',
148 silly addNameRange     '2.4.6',
148 silly addNameRange     '2.4.7',
148 silly addNameRange     '2.5.0',
148 silly addNameRange     '2.5.1',
148 silly addNameRange     '2.5.2',
148 silly addNameRange     '2.5.3',
148 silly addNameRange     '2.5.4',
148 silly addNameRange     '2.5.5',
148 silly addNameRange     '2.5.6',
148 silly addNameRange     '2.5.7',
148 silly addNameRange     '2.5.8',
148 silly addNameRange     '2.5.9',
148 silly addNameRange     '2.5.10',
148 silly addNameRange     '2.5.11',
148 silly addNameRange     '3.0.0',
148 silly addNameRange     '3.0.1',
148 silly addNameRange     '3.0.2',
148 silly addNameRange     '3.0.3',
148 silly addNameRange     '3.0.4',
148 silly addNameRange     '3.0.5',
148 silly addNameRange     '3.0.6',
148 silly addNameRange     '3.1.0',
148 silly addNameRange     '3.1.1',
148 silly addNameRange     '3.1.2',
148 silly addNameRange     '3.2.0',
148 silly addNameRange     '3.2.1',
148 silly addNameRange     '3.2.2',
148 silly addNameRange     '3.2.3',
148 silly addNameRange     '3.2.4',
148 silly addNameRange     '3.2.5',
148 silly addNameRange     '3.2.6',
148 silly addNameRange     '3.3.0',
148 silly addNameRange     '3.3.1',
148 silly addNameRange     '3.3.2',
148 silly addNameRange     '3.3.3',
148 silly addNameRange     '3.3.4',
148 silly addNameRange     '3.3.5',
148 silly addNameRange     '3.3.6',
148 silly addNameRange     '1.0.0-beta',
148 silly addNameRange     '1.0.0-beta2',
148 silly addNameRange     '1.0.0-rc',
148 silly addNameRange     '1.0.0-rc2',
148 silly addNameRange     '1.0.0-rc3',
148 silly addNameRange     '1.0.0-rc4',
148 silly addNameRange     '2.0.0-beta',
148 silly addNameRange     '2.0.0-beta2',
148 silly addNameRange     '2.0.0-beta3',
148 silly addNameRange     '2.0.0-rc',
148 silly addNameRange     '2.0.0-rc2',
148 silly addNameRange     '2.0.0-rc3',
148 silly addNameRange     '3.0.0-alpha1',
148 silly addNameRange     '3.0.0-alpha2',
148 silly addNameRange     '3.0.0-alpha3',
148 silly addNameRange     '3.0.0-alpha4',
148 silly addNameRange     '3.0.0-alpha5',
148 silly addNameRange     '3.0.0-beta1',
148 silly addNameRange     '3.0.0-beta2',
148 silly addNameRange     '3.0.0-beta3',
148 silly addNameRange     '3.0.0-beta4',
148 silly addNameRange     '3.0.0-beta6',
148 silly addNameRange     '3.0.0-beta7',
148 silly addNameRange     '3.0.0-rc1',
148 silly addNameRange     '3.0.0-rc2',
148 silly addNameRange     '3.0.0-rc3',
148 silly addNameRange     '3.0.0-rc4',
148 silly addNameRange     '3.0.0-rc5',
148 silly addNameRange     '3.3.7',
148 silly addNameRange     '3.3.8',
148 silly addNameRange     '3.4.0',
148 silly addNameRange     '3.4.1',
148 silly addNameRange     '3.4.2',
148 silly addNameRange     '3.4.3',
148 silly addNameRange     '3.4.4',
148 silly addNameRange     '3.4.5',
148 silly addNameRange     '3.4.6',
148 silly addNameRange     '3.4.7',
148 silly addNameRange     '3.4.8',
148 silly addNameRange     '4.0.0-rc1',
148 silly addNameRange     '4.0.0-rc2',
148 silly addNameRange     '3.5.0',
148 silly addNameRange     '4.0.0-rc3',
148 silly addNameRange     '4.0.0-rc4',
148 silly addNameRange     '3.5.1',
148 silly addNameRange     '4.0.0',
148 silly addNameRange     '3.5.2',
148 silly addNameRange     '4.1.0',
148 silly addNameRange     '4.1.1',
148 silly addNameRange     '3.5.3',
148 silly addNameRange     '4.1.2',
148 silly addNameRange     '3.6.0',
148 silly addNameRange     '4.2.0',
148 silly addNameRange     '3.7.0',
148 silly addNameRange     '3.8.0',
148 silly addNameRange     '4.3.0',
148 silly addNameRange     '4.3.1',
148 silly addNameRange     '3.8.1',
148 silly addNameRange     '4.3.2',
148 silly addNameRange     '3.9.0',
148 silly addNameRange     '4.4.0',
148 silly addNameRange     '4.4.1',
148 silly addNameRange     '3.10.0',
148 silly addNameRange     '3.10.1',
148 silly addNameRange     '3.10.2',
148 silly addNameRange     '3.10.3',
148 silly addNameRange     '3.10.4',
148 silly addNameRange     '4.4.2',
148 silly addNameRange     '3.10.5',
148 silly addNameRange     '4.4.3',
148 silly addNameRange     '3.11.0',
148 silly addNameRange     '4.4.4',
148 silly addNameRange     '3.12.0',
148 silly addNameRange     '3.12.1',
148 silly addNameRange     '4.4.5',
148 silly addNameRange     '3.13.0',
148 silly addNameRange     '4.5.0',
148 silly addNameRange     '4.5.1',
148 silly addNameRange     '3.14.0',
148 silly addNameRange     '4.6.0',
148 silly addNameRange     '4.6.1',
148 silly addNameRange     '3.15.0',
148 silly addNameRange     '4.7.0',
148 silly addNameRange     '3.15.1',
148 silly addNameRange     '4.7.1',
148 silly addNameRange     '3.15.2',
148 silly addNameRange     '4.7.2',
148 silly addNameRange     '4.7.3',
148 silly addNameRange     '3.15.3',
148 silly addNameRange     '4.7.4',
148 silly addNameRange     '3.16.0',
148 silly addNameRange     '4.8.0',
148 silly addNameRange     '3.16.1',
148 silly addNameRange     '4.8.1',
148 silly addNameRange     '3.16.2',
148 silly addNameRange     '4.8.2',
148 silly addNameRange     '3.16.3',
148 silly addNameRange     '3.16.4',
148 silly addNameRange     '4.8.3',
148 silly addNameRange     '3.16.5',
148 silly addNameRange     '3.16.6',
148 silly addNameRange     '4.8.4',
148 silly addNameRange     '3.16.7',
148 silly addNameRange     '4.8.5',
148 silly addNameRange     '3.16.8',
148 silly addNameRange     '4.8.6',
148 silly addNameRange     '3.16.9',
148 silly addNameRange     '4.8.7',
148 silly addNameRange     '3.16.10',
148 silly addNameRange     '4.8.8',
148 silly addNameRange     '3.17.0',
148 silly addNameRange     '3.17.1',
148 silly addNameRange     '4.9.0',
148 silly addNameRange     '3.17.2',
148 silly addNameRange     '4.9.1',
148 silly addNameRange     '4.9.2',
148 silly addNameRange     '3.17.3',
148 silly addNameRange     '4.9.3',
148 silly addNameRange     '3.17.4',
148 silly addNameRange     '4.9.4',
148 silly addNameRange     '3.17.5',
148 silly addNameRange     '4.9.5',
148 silly addNameRange     '3.17.6',
148 silly addNameRange     '3.17.7',
148 silly addNameRange     '4.9.6',
148 silly addNameRange     '4.9.7',
148 silly addNameRange     '3.17.8',
148 silly addNameRange     '4.9.8',
148 silly addNameRange     '3.18.0',
148 silly addNameRange     '3.18.1',
148 silly addNameRange     '4.10.0',
148 silly addNameRange     '3.18.2',
148 silly addNameRange     '4.10.1',
148 silly addNameRange     '5.0.0-alpha.1',
148 silly addNameRange     '3.18.3',
148 silly addNameRange     '4.10.2',
148 silly addNameRange     '3.18.4',
148 silly addNameRange     '4.10.3',
148 silly addNameRange     '4.10.4',
148 silly addNameRange     '4.10.5',
148 silly addNameRange     '3.18.5',
148 silly addNameRange     '3.18.6',
148 silly addNameRange     '4.10.6',
148 silly addNameRange     '4.10.7',
148 silly addNameRange     '3.19.0',
148 silly addNameRange     '4.10.8',
148 silly addNameRange     '4.11.0',
148 silly addNameRange     '3.19.1',
148 silly addNameRange     '4.11.1',
148 silly addNameRange     '3.19.2',
148 silly addNameRange     '4.11.2',
148 silly addNameRange     '3.20.0',
148 silly addNameRange     '4.12.0',
148 silly addNameRange     '3.20.1',
148 silly addNameRange     '4.12.1',
148 silly addNameRange     '4.12.2',
148 silly addNameRange     '3.20.2',
148 silly addNameRange     '4.12.3',
148 silly addNameRange     '3.20.3',
148 silly addNameRange     '4.12.4',
148 silly addNameRange     '3.21.0',
148 silly addNameRange     '4.13.0',
148 silly addNameRange     '3.21.1',
148 silly addNameRange     '4.13.1',
148 silly addNameRange     '5.0.0-alpha.2',
148 silly addNameRange     '3.21.2',
148 silly addNameRange     '4.13.2',
148 silly addNameRange     '4.13.3',
148 silly addNameRange     '4.13.4' ] ]
149 verbose addNamed express@4.13.4
150 silly addNamed semver.valid 4.13.4
151 silly addNamed semver.validRange 4.13.4
152 silly cache afterAdd express@4.13.4
153 verbose afterAdd /Users/josephhsieh/.npm/express/4.13.4/package/package.json not in flight; writing
154 verbose afterAdd /Users/josephhsieh/.npm/express/4.13.4/package/package.json written
155 http 200 https://registry.npmjs.org/mongodb
156 silly get cb [ 200,
156 silly get   { server: 'CouchDB/1.5.0 (Erlang OTP/R16B03)',
156 silly get     etag: '"CLA8CO73RZC10T9V0TFAL2J0R"',
156 silly get     'content-type': 'application/json',
156 silly get     'content-encoding': 'gzip',
156 silly get     'cache-control': 'max-age=300',
156 silly get     'content-length': '45753',
156 silly get     'accept-ranges': 'bytes',
156 silly get     date: 'Sun, 05 Jun 2016 03:53:20 GMT',
156 silly get     via: '1.1 varnish',
156 silly get     age: '188',
156 silly get     connection: 'keep-alive',
156 silly get     'x-served-by': 'cache-atl6249-ATL',
156 silly get     'x-cache': 'HIT',
156 silly get     'x-cache-hits': '1',
156 silly get     'x-timer': 'S1465098800.755046,VS0,VE0',
156 silly get     vary: 'Accept-Encoding' } ]
157 verbose get saving mongodb to /Users/josephhsieh/.npm/registry.npmjs.org/mongodb/.cache.json
158 silly addNameRange number 2 { name: 'mongodb', range: '>=2.0.45 <3.0.0', hasData: true }
159 silly addNameRange versions [ 'mongodb',
159 silly addNameRange   [ '0.9.4',
159 silly addNameRange     '0.9.4-4',
159 silly addNameRange     '0.9.3',
159 silly addNameRange     '0.9.1',
159 silly addNameRange     '0.9.2',
159 silly addNameRange     '0.9.6-7',
159 silly addNameRange     '0.9.6-8',
159 silly addNameRange     '0.9.6-9',
159 silly addNameRange     '0.9.6-10',
159 silly addNameRange     '0.9.6-11',
159 silly addNameRange     '0.9.6-12',
159 silly addNameRange     '0.9.6-13',
159 silly addNameRange     '0.9.6-14',
159 silly addNameRange     '0.9.6-15',
159 silly addNameRange     '0.9.6-16',
159 silly addNameRange     '0.9.6-17',
159 silly addNameRange     '0.9.6-18',
159 silly addNameRange     '0.9.6-19',
159 silly addNameRange     '0.9.6-20',
159 silly addNameRange     '0.9.6-21',
159 silly addNameRange     '0.9.6-22',
159 silly addNameRange     '0.9.6-23',
159 silly addNameRange     '0.9.7',
159 silly addNameRange     '0.9.7-0',
159 silly addNameRange     '0.9.7-1',
159 silly addNameRange     '0.9.7-1.1',
159 silly addNameRange     '0.9.7-1.2',
159 silly addNameRange     '0.9.7-1.3',
159 silly addNameRange     '0.9.7-1.4',
159 silly addNameRange     '0.9.7-2',
159 silly addNameRange     '0.9.7-2-1',
159 silly addNameRange     '0.9.7-2-2',
159 silly addNameRange     '0.9.7-2-3',
159 silly addNameRange     '0.9.7-2-4',
159 silly addNameRange     '0.9.7-2-5',
159 silly addNameRange     '0.9.7-3',
159 silly addNameRange     '0.9.7-3-1',
159 silly addNameRange     '0.9.7-3-2',
159 silly addNameRange     '0.9.7-3-3',
159 silly addNameRange     '0.9.7-3-4',
159 silly addNameRange     '0.9.7-3-5',
159 silly addNameRange     '0.9.8',
159 silly addNameRange     '0.9.8-1',
159 silly addNameRange     '0.9.8-2',
159 silly addNameRange     '0.9.8-3',
159 silly addNameRange     '0.9.8-4',
159 silly addNameRange     '0.9.8-5',
159 silly addNameRange     '0.9.8-6',
159 silly addNameRange     '0.9.8-7',
159 silly addNameRange     '0.9.9',
159 silly addNameRange     '0.9.9-1',
159 silly addNameRange     '0.9.9-2',
159 silly addNameRange     '0.9.9-3',
159 silly addNameRange     '0.9.9-4',
159 silly addNameRange     '0.9.9-5',
159 silly addNameRange     '0.9.9-6',
159 silly addNameRange     '0.9.9-7',
159 silly addNameRange     '0.9.9-8',
159 silly addNameRange     '1.0.0',
159 silly addNameRange     '1.0.1',
159 silly addNameRange     '1.0.2',
159 silly addNameRange     '1.1.0-beta',
159 silly addNameRange     '1.1.0',
159 silly addNameRange     '1.1.1',
159 silly addNameRange     '1.1.2',
159 silly addNameRange     '1.1.3',
159 silly addNameRange     '1.1.4',
159 silly addNameRange     '1.1.5',
159 silly addNameRange     '1.1.6',
159 silly addNameRange     '1.1.7',
159 silly addNameRange     '1.1.8',
159 silly addNameRange     '1.1.9',
159 silly addNameRange     '1.1.10',
159 silly addNameRange     '1.1.11',
159 silly addNameRange     '1.2.0',
159 silly addNameRange     '1.2.1',
159 silly addNameRange     '1.2.2',
159 silly addNameRange     '1.2.3',
159 silly addNameRange     '1.2.4',
159 silly addNameRange     '1.2.5',
159 silly addNameRange     '1.2.6',
159 silly addNameRange     '1.2.7',
159 silly addNameRange     '1.2.8',
159 silly addNameRange     '1.2.9',
159 silly addNameRange     '1.2.10',
159 silly addNameRange     '1.2.11',
159 silly addNameRange     '1.2.12',
159 silly addNameRange     '1.2.13',
159 silly addNameRange     '1.2.14',
159 silly addNameRange     '1.3.0',
159 silly addNameRange     '1.3.1',
159 silly addNameRange     '1.3.2',
159 silly addNameRange     '1.3.3',
159 silly addNameRange     '1.3.4',
159 silly addNameRange     '1.3.5',
159 silly addNameRange     '1.3.6',
159 silly addNameRange     '1.3.7',
159 silly addNameRange     '1.3.8',
159 silly addNameRange     '1.3.9',
159 silly addNameRange     '1.3.10',
159 silly addNameRange     '1.3.11',
159 silly addNameRange     '1.3.12',
159 silly addNameRange     '1.3.14',
159 silly addNameRange     '1.3.15',
159 silly addNameRange     '1.3.17',
159 silly addNameRange     '1.3.18',
159 silly addNameRange     '1.3.19',
159 silly addNameRange     '1.4.0-rc2',
159 silly addNameRange     '1.3.20',
159 silly addNameRange     '1.4.0-rc3',
159 silly addNameRange     '1.3.21',
159 silly addNameRange     '1.3.22',
159 silly addNameRange     '1.3.23',
159 silly addNameRange     '1.4.0-rc4',
159 silly addNameRange     '1.4.0-rc5',
159 silly addNameRange     '1.4.0-rc6',
159 silly addNameRange     '1.4.0-rc7',
159 silly addNameRange     '1.4.0-rc8',
159 silly addNameRange     '1.4.0-rc9',
159 silly addNameRange     '1.4.0-rc10',
159 silly addNameRange     '1.4.0',
159 silly addNameRange     '1.4.1',
159 silly addNameRange     '1.4.2',
159 silly addNameRange     '1.4.3',
159 silly addNameRange     '1.4.4',
159 silly addNameRange     '1.4.5',
159 silly addNameRange     '1.4.6',
159 silly addNameRange     '1.4.7',
159 silly addNameRange     '1.4.8',
159 silly addNameRange     '1.4.9',
159 silly addNameRange     '1.4.10',
159 silly addNameRange     '2.0.0-alpha1',
159 silly addNameRange     '1.4.11',
159 silly addNameRange     '1.4.12',
159 silly addNameRange     '1.4.14',
159 silly addNameRange     '1.4.15',
159 silly addNameRange     '1.4.16',
159 silly addNameRange     '1.4.17',
159 silly addNameRange     '2.0.0-alpha2',
159 silly addNameRange     '1.4.18',
159 silly addNameRange     '2.0.0',
159 silly addNameRange     '2.0.1',
159 silly addNameRange     '2.0.2',
159 silly addNameRange     '1.4.19',
159 silly addNameRange     '2.0.3',
159 silly addNameRange     '2.0.4',
159 silly addNameRange     '2.0.5',
159 silly addNameRange     '2.0.6',
159 silly addNameRange     '1.4.20',
159 silly addNameRange     '1.4.22',
159 silly addNameRange     '2.0.7',
159 silly addNameRange     '2.0.8',
159 silly addNameRange     '2.0.9',
159 silly addNameRange     '1.4.23',
159 silly addNameRange     '2.0.10',
159 silly addNameRange     '1.4.24',
159 silly addNameRange     '2.0.11',
159 silly addNameRange     '1.4.25',
159 silly addNameRange     '2.0.12',
159 silly addNameRange     '1.4.26',
159 silly addNameRange     '1.4.27',
159 silly addNameRange     '1.4.28',
159 silly addNameRange     '2.0.13',
159 silly addNameRange     '2.0.14',
159 silly addNameRange     '1.4.29',
159 silly addNameRange     '2.0.15',
159 silly addNameRange     '1.4.30',
159 silly addNameRange     '2.0.16',
159 silly addNameRange     '1.4.31',
159 silly addNameRange     '2.0.17',
159 silly addNameRange     '1.4.32',
159 silly addNameRange     '2.0.18',
159 silly addNameRange     '2.0.19',
159 silly addNameRange     '1.4.33',
159 silly addNameRange     '2.0.20',
159 silly addNameRange     '2.0.21',
159 silly addNameRange     '1.4.34',
159 silly addNameRange     '2.0.22',
159 silly addNameRange     '2.0.23',
159 silly addNameRange     '1.4.35',
159 silly addNameRange     '2.0.24',
159 silly addNameRange     '2.0.25',
159 silly addNameRange     '2.0.26',
159 silly addNameRange     '2.0.27',
159 silly addNameRange     '2.0.28',
159 silly addNameRange     '2.0.29',
159 silly addNameRange     '1.4.36',
159 silly addNameRange     '2.0.30',
159 silly addNameRange     '1.4.37',
159 silly addNameRange     '2.0.31',
159 silly addNameRange     '1.4.38',
159 silly addNameRange     '2.0.32',
159 silly addNameRange     '2.0.33',
159 silly addNameRange     '2.1.0-alpha',
159 silly addNameRange     '2.0.34',
159 silly addNameRange     '2.0.35',
159 silly addNameRange     '2.0.36',
159 silly addNameRange     '2.0.37',
159 silly addNameRange     '2.0.38',
159 silly addNameRange     '2.0.39',
159 silly addNameRange     '1.4.39',
159 silly addNameRange     '2.0.40',
159 silly addNameRange     '2.0.41',
159 silly addNameRange     '2.0.42',
159 silly addNameRange     '2.0.43',
159 silly addNameRange     '2.0.44',
159 silly addNameRange     '2.0.45',
159 silly addNameRange     '2.0.46',
159 silly addNameRange     '2.0.47',
159 silly addNameRange     '2.0.48',
159 silly addNameRange     '2.1.0-rc1',
159 silly addNameRange     '2.0.49',
159 silly addNameRange     '2.0.50',
159 silly addNameRange     '2.1.0',
159 silly addNameRange     '2.0.51',
159 silly addNameRange     '2.1.1',
159 silly addNameRange     '2.0.52',
159 silly addNameRange     '2.0.53',
159 silly addNameRange     '2.1.2',
159 silly addNameRange     '2.1.3',
159 silly addNameRange     '2.0.54',
159 silly addNameRange     '2.0.55',
159 silly addNameRange     '1.4.40',
159 silly addNameRange     '2.1.4',
159 silly addNameRange     '2.1.5',
159 silly addNameRange     '2.1.6',
159 silly addNameRange     '2.1.7',
159 silly addNameRange     '2.1.8',
159 silly addNameRange     '2.1.9',
159 silly addNameRange     '2.1.10',
159 silly addNameRange     '2.1.11',
159 silly addNameRange     '2.1.12',
159 silly addNameRange     '2.1.13',
159 silly addNameRange     '2.1.14',
159 silly addNameRange     '2.1.15',
159 silly addNameRange     '2.1.16',
159 silly addNameRange     '2.1.17',
159 silly addNameRange     '2.1.18',
159 silly addNameRange     '2.1.19',
159 silly addNameRange     '2.1.20',
159 silly addNameRange     '2.1.21',
159 silly addNameRange     '2.1.22-alpha',
159 silly addNameRange     '2.1.22-alpha2',
159 silly addNameRange     '2.1.22-alpha3',
159 silly addNameRange     '2.1.22-alpha4' ] ]
160 verbose addNamed mongodb@2.1.21
161 silly addNamed semver.valid 2.1.21
162 silly addNamed semver.validRange 2.1.21
163 silly mapToRegistry name mongodb
164 silly mapToRegistry using default registry
165 silly mapToRegistry registry https://registry.npmjs.org/
166 silly mapToRegistry uri https://registry.npmjs.org/mongodb
167 verbose addRemoteTarball https://registry.npmjs.org/mongodb/-/mongodb-2.1.21.tgz not in flight; adding
168 verbose addRemoteTarball [ 'https://registry.npmjs.org/mongodb/-/mongodb-2.1.21.tgz',
168 verbose addRemoteTarball   '764709dbcceb5825b4eb31f95395f965fd442272' ]
169 info retry fetch attempt 1 at 11:53:20 PM
170 info attempt registry request try #1 at 11:53:20 PM
171 http fetch GET https://registry.npmjs.org/mongodb/-/mongodb-2.1.21.tgz
172 http fetch 200 https://registry.npmjs.org/mongodb/-/mongodb-2.1.21.tgz
173 http 304 https://registry.npmjs.org/cfenv
174 silly get cb [ 304,
174 silly get   { date: 'Sun, 05 Jun 2016 03:53:20 GMT',
174 silly get     via: '1.1 varnish',
174 silly get     'cache-control': 'max-age=300',
174 silly get     etag: '"F0UR7I4OOKXYAS7AJ49FOUSIB"',
174 silly get     age: '0',
174 silly get     connection: 'keep-alive',
174 silly get     'x-served-by': 'cache-atl6241-ATL',
174 silly get     'x-cache': 'HIT',
174 silly get     'x-cache-hits': '1',
174 silly get     'x-timer': 'S1465098800.752412,VS0,VE333',
174 silly get     vary: 'Accept-Encoding' } ]
175 verbose etag https://registry.npmjs.org/cfenv from cache
176 verbose get saving cfenv to /Users/josephhsieh/.npm/registry.npmjs.org/cfenv/.cache.json
177 silly addNameRange number 2 { name: 'cfenv', range: '>=1.0.0 <1.1.0', hasData: true }
178 silly addNameRange versions [ 'cfenv', [ '0.2.0', '1.0.0', '1.0.1', '1.0.2', '1.0.3' ] ]
179 verbose addNamed cfenv@1.0.3
180 silly addNamed semver.valid 1.0.3
181 silly addNamed semver.validRange 1.0.3
182 silly cache afterAdd cfenv@1.0.3
183 verbose afterAdd /Users/josephhsieh/.npm/cfenv/1.0.3/package/package.json not in flight; writing
184 verbose afterAdd /Users/josephhsieh/.npm/cfenv/1.0.3/package/package.json written
185 silly fetchAndShaCheck shasum 764709dbcceb5825b4eb31f95395f965fd442272
186 verbose addTmpTarball /var/folders/t9/4rcrc1x96s55km10zrbytxy80000gn/T/npm-16848-6ad61d40/registry.npmjs.org/mongodb/-/mongodb-2.1.21.tgz not in flight; adding
187 verbose addTmpTarball already have metadata; skipping unpack for mongodb@2.1.21
188 silly cache afterAdd mongodb@2.1.21
189 verbose afterAdd /Users/josephhsieh/.npm/mongodb/2.1.21/package/package.json not in flight; writing
190 verbose afterAdd /Users/josephhsieh/.npm/mongodb/2.1.21/package/package.json written
191 silly install resolved [ { name: 'moment',
191 silly install resolved     version: '2.13.0',
191 silly install resolved     description: 'Parse, validate, manipulate, and display dates',
191 silly install resolved     homepage: 'http://momentjs.com',
191 silly install resolved     author:
191 silly install resolved      { name: 'Iskren Ivov Chernev',
191 silly install resolved        email: 'iskren.chernev@gmail.com',
191 silly install resolved        url: 'https://github.com/ichernev' },
191 silly install resolved     contributors: [ [Object], [Object], [Object], [Object], [Object] ],
191 silly install resolved     keywords:
191 silly install resolved      [ 'moment',
191 silly install resolved        'date',
191 silly install resolved        'time',
191 silly install resolved        'parse',
191 silly install resolved        'format',
191 silly install resolved        'validate',
191 silly install resolved        'i18n',
191 silly install resolved        'l10n',
191 silly install resolved        'ender' ],
191 silly install resolved     main: './moment.js',
191 silly install resolved     typings: './moment.d.ts',
191 silly install resolved     engines: { node: '*' },
191 silly install resolved     repository: { type: 'git', url: 'https://github.com/moment/moment.git' },
191 silly install resolved     bugs: { url: 'https://github.com/moment/moment/issues' },
191 silly install resolved     license: 'MIT',
191 silly install resolved     devDependencies:
191 silly install resolved      { 'uglify-js': 'latest',
191 silly install resolved        'es6-promise': 'latest',
191 silly install resolved        grunt: '~0.4',
191 silly install resolved        'grunt-cli': 'latest',
191 silly install resolved        benchmark: 'latest',
191 silly install resolved        esperanto: 'latest',
191 silly install resolved        'grunt-contrib-clean': 'latest',
191 silly install resolved        'grunt-contrib-concat': 'latest',
191 silly install resolved        'grunt-contrib-copy': 'latest',
191 silly install resolved        'grunt-contrib-jshint': 'latest',
191 silly install resolved        'grunt-contrib-uglify': 'latest',
191 silly install resolved        'grunt-contrib-watch': 'latest',
191 silly install resolved        'grunt-env': 'latest',
191 silly install resolved        'grunt-jscs': 'latest',
191 silly install resolved        'grunt-karma': 'latest',
191 silly install resolved        'grunt-nuget': 'latest',
191 silly install resolved        'grunt-benchmark': 'latest',
191 silly install resolved        'grunt-string-replace': 'latest',
191 silly install resolved        'grunt-exec': 'latest',
191 silly install resolved        'load-grunt-tasks': 'latest',
191 silly install resolved        karma: 'latest',
191 silly install resolved        'karma-chrome-launcher': 'latest',
191 silly install resolved        'karma-firefox-launcher': 'latest',
191 silly install resolved        'karma-qunit': 'latest',
191 silly install resolved        'karma-sauce-launcher': 'latest',
191 silly install resolved        qunit: '^0.7.5',
191 silly install resolved        'qunit-cli': '^0.1.4',
191 silly install resolved        spacejam: 'latest',
191 silly install resolved        coveralls: '^2.11.2',
191 silly install resolved        nyc: '^2.1.4' },
191 silly install resolved     ender: './ender.js',
191 silly install resolved     dojoBuild: 'package.js',
191 silly install resolved     jspm: { files: [Object], map: [Object], buildConfig: [Object] },
191 silly install resolved     scripts:
191 silly install resolved      { test: 'grunt test',
191 silly install resolved        coverage: 'nyc npm test && nyc report',
191 silly install resolved        coveralls: 'nyc npm test && nyc report --reporter=text-lcov | coveralls' },
191 silly install resolved     spm: { main: 'moment.js', output: [Object] },
191 silly install resolved     _id: 'moment@2.13.0',
191 silly install resolved     dist:
191 silly install resolved      { shasum: '24162d99521e6d40f99ae6939e806d2139eaac52',
191 silly install resolved        tarball: 'https://registry.npmjs.org/moment/-/moment-2.13.0.tgz' },
191 silly install resolved     _from: 'moment@>=2.13.0 <3.0.0',
191 silly install resolved     _npmVersion: '1.4.6',
191 silly install resolved     _npmUser: { name: 'ichernev', email: 'iskren.chernev@gmail.com' },
191 silly install resolved     maintainers: [ [Object], [Object] ],
191 silly install resolved     _npmOperationalInternal:
191 silly install resolved      { host: 'packages-16-east.internal.npmjs.com',
191 silly install resolved        tmp: 'tmp/moment-2.13.0.tgz_1460965287679_0.1848272318020463' },
191 silly install resolved     directories: {},
191 silly install resolved     _shasum: '24162d99521e6d40f99ae6939e806d2139eaac52',
191 silly install resolved     _resolved: 'https://registry.npmjs.org/moment/-/moment-2.13.0.tgz',
191 silly install resolved     readme: 'ERROR: No README data found!' },
191 silly install resolved   { name: 'mongoose',
191 silly install resolved     description: 'Elegant MongoDB object modeling for Node.js',
191 silly install resolved     version: '3.6.20',
191 silly install resolved     author: { name: 'Guillermo Rauch', email: 'guillermo@learnboost.com' },
191 silly install resolved     keywords:
191 silly install resolved      [ 'mongodb',
191 silly install resolved        'document',
191 silly install resolved        'model',
191 silly install resolved        'schema',
191 silly install resolved        'database',
191 silly install resolved        'odm',
191 silly install resolved        'data',
191 silly install resolved        'datastore',
191 silly install resolved        'query',
191 silly install resolved        'nosql',
191 silly install resolved        'orm',
191 silly install resolved        'db' ],
191 silly install resolved     dependencies:
191 silly install resolved      { hooks: '0.2.1',
191 silly install resolved        mongodb: '1.3.19',
191 silly install resolved        ms: '0.1.0',
191 silly install resolved        sliced: '0.0.5',
191 silly install resolved        muri: '0.3.1',
191 silly install resolved        mpromise: '0.2.1',
191 silly install resolved        mpath: '0.1.1',
191 silly install resolved        'regexp-clone': '0.0.1' },
191 silly install resolved     devDependencies:
191 silly install resolved      { mocha: '1.12.0',
191 silly install resolved        'node-static': '0.5.9',
191 silly install resolved        dox: '0.3.1',
191 silly install resolved        jade: '0.26.3',
191 silly install resolved        'highlight.js': '7.0.1',
191 silly install resolved        markdown: '0.3.1',
191 silly install resolved        'promises-aplus-tests': '>= 1.0.2',
191 silly install resolved        tbd: '0.6.4',
191 silly install resolved        benchmark: '1.0.0',
191 silly install resolved        open: '0.0.3' },
191 silly install resolved     directories: { lib: './lib/mongoose' },
191 silly install resolved     scripts: { test: 'make test' },
191 silly install resolved     main: './index.js',
191 silly install resolved     engines: { node: '>=0.6.19' },
191 silly install resolved     bugs: { url: 'https://github.com/learnboost/mongoose/issues/new' },
191 silly install resolved     repository: { type: 'git', url: 'git://github.com/LearnBoost/mongoose.git' },
191 silly install resolved     homepage: 'http://mongoosejs.com',
191 silly install resolved     _id: 'mongoose@3.6.20',
191 silly install resolved     dist:
191 silly install resolved      { shasum: '47263843e6b812ea207eec104c40a36c8d215f53',
191 silly install resolved        tarball: 'https://registry.npmjs.org/mongoose/-/mongoose-3.6.20.tgz' },
191 silly install resolved     _from: 'mongoose@>=3.6.13 <3.7.0',
191 silly install resolved     _npmVersion: '1.3.8',
191 silly install resolved     _npmUser: { name: 'aaron', email: 'aaron.heckmann+github@gmail.com' },
191 silly install resolved     maintainers: [ [Object], [Object], [Object] ],
191 silly install resolved     _shasum: '47263843e6b812ea207eec104c40a36c8d215f53',
191 silly install resolved     _resolved: 'https://registry.npmjs.org/mongoose/-/mongoose-3.6.20.tgz',
191 silly install resolved     readme: 'ERROR: No README data found!' },
191 silly install resolved   { name: 'body-parser',
191 silly install resolved     description: 'Connect\'s body parsing middleware',
191 silly install resolved     version: '1.0.2',
191 silly install resolved     author:
191 silly install resolved      { name: 'Jonathan Ong',
191 silly install resolved        email: 'me@jongleberry.com',
191 silly install resolved        url: 'http://jongleberry.com' },
191 silly install resolved     license: 'MIT',
191 silly install resolved     repository: { type: 'git', url: 'git://github.com/expressjs/body-parser' },
191 silly install resolved     dependencies: { 'type-is': '~1.1.0', 'raw-body': '~1.1.2', qs: '~0.6.6' },
191 silly install resolved     devDependencies: { connect: '*', mocha: '*', should: '*', supertest: '*' },
191 silly install resolved     scripts: { test: 'make test' },
191 silly install resolved     bugs: { url: 'https://github.com/expressjs/body-parser/issues' },
191 silly install resolved     homepage: 'https://github.com/expressjs/body-parser',
191 silly install resolved     _id: 'body-parser@1.0.2',
191 silly install resolved     dist:
191 silly install resolved      { shasum: '3461479a3278fe00fcaebec3314bb54fc4f7b47c',
191 silly install resolved        tarball: 'https://registry.npmjs.org/body-parser/-/body-parser-1.0.2.tgz' },
191 silly install resolved     _from: 'body-parser@>=1.0.1 <1.1.0',
191 silly install resolved     _npmVersion: '1.4.6',
191 silly install resolved     _npmUser: { name: 'jongleberry', email: 'jonathanrichardong@gmail.com' },
191 silly install resolved     maintainers: [ [Object], [Object], [Object], [Object] ],
191 silly install resolved     directories: {},
191 silly install resolved     _shasum: '3461479a3278fe00fcaebec3314bb54fc4f7b47c',
191 silly install resolved     _resolved: 'https://registry.npmjs.org/body-parser/-/body-parser-1.0.2.tgz',
191 silly install resolved     readme: 'ERROR: No README data found!' },
191 silly install resolved   { name: 'express',
191 silly install resolved     description: 'Fast, unopinionated, minimalist web framework',
191 silly install resolved     version: '4.13.4',
191 silly install resolved     author: { name: 'TJ Holowaychuk', email: 'tj@vision-media.ca' },
191 silly install resolved     contributors:
191 silly install resolved      [ [Object],
191 silly install resolved        [Object],
191 silly install resolved        [Object],
191 silly install resolved        [Object],
191 silly install resolved        [Object],
191 silly install resolved        [Object],
191 silly install resolved        [Object] ],
191 silly install resolved     license: 'MIT',
191 silly install resolved     repository: { type: 'git', url: 'https://github.com/expressjs/express' },
191 silly install resolved     keywords:
191 silly install resolved      [ 'express',
191 silly install resolved        'framework',
191 silly install resolved        'sinatra',
191 silly install resolved        'web',
191 silly install resolved        'rest',
191 silly install resolved        'restful',
191 silly install resolved        'router',
191 silly install resolved        'app',
191 silly install resolved        'api' ],
191 silly install resolved     dependencies:
191 silly install resolved      { accepts: '~1.2.12',
191 silly install resolved        'array-flatten': '1.1.1',
191 silly install resolved        'content-disposition': '0.5.1',
191 silly install resolved        'content-type': '~1.0.1',
191 silly install resolved        cookie: '0.1.5',
191 silly install resolved        'cookie-signature': '1.0.6',
191 silly install resolved        debug: '~2.2.0',
191 silly install resolved        depd: '~1.1.0',
191 silly install resolved        'escape-html': '~1.0.3',
191 silly install resolved        etag: '~1.7.0',
191 silly install resolved        finalhandler: '0.4.1',
191 silly install resolved        fresh: '0.3.0',
191 silly install resolved        'merge-descriptors': '1.0.1',
191 silly install resolved        methods: '~1.1.2',
191 silly install resolved        'on-finished': '~2.3.0',
191 silly install resolved        parseurl: '~1.3.1',
191 silly install resolved        'path-to-regexp': '0.1.7',
191 silly install resolved        'proxy-addr': '~1.0.10',
191 silly install resolved        qs: '4.0.0',
191 silly install resolved        'range-parser': '~1.0.3',
191 silly install resolved        send: '0.13.1',
191 silly install resolved        'serve-static': '~1.10.2',
191 silly install resolved        'type-is': '~1.6.6',
191 silly install resolved        'utils-merge': '1.0.0',
191 silly install resolved        vary: '~1.0.1' },
191 silly install resolved     devDependencies:
191 silly install resolved      { after: '0.8.1',
191 silly install resolved        ejs: '2.3.4',
191 silly install resolved        istanbul: '0.4.2',
191 silly install resolved        marked: '0.3.5',
191 silly install resolved        mocha: '2.3.4',
191 silly install resolved        should: '7.1.1',
191 silly install resolved        supertest: '1.1.0',
191 silly install resolved        'body-parser': '~1.14.2',
191 silly install resolved        'connect-redis': '~2.4.1',
191 silly install resolved        'cookie-parser': '~1.4.1',
191 silly install resolved        'cookie-session': '~1.2.0',
191 silly install resolved        'express-session': '~1.13.0',
191 silly install resolved        jade: '~1.11.0',
191 silly install resolved        'method-override': '~2.3.5',
191 silly install resolved        morgan: '~1.6.1',
191 silly install resolved        multiparty: '~4.1.2',
191 silly install resolved        vhost: '~3.0.1' },
191 silly install resolved     engines: { node: '>= 0.10.0' },
191 silly install resolved     files: [ 'LICENSE', 'History.md', 'Readme.md', 'index.js', 'lib/' ],
191 silly install resolved     scripts:
191 silly install resolved      { test: 'mocha --require test/support/env --reporter spec --bail --check-leaks test/ test/acceptance/',
191 silly install resolved        'test-ci': 'istanbul cover node_modules/mocha/bin/_mocha --report lcovonly -- --require test/support/env --reporter spec --check-leaks test/ test/acceptance/',
191 silly install resolved        'test-cov': 'istanbul cover node_modules/mocha/bin/_mocha -- --require test/support/env --reporter dot --check-leaks test/ test/acceptance/',
191 silly install resolved        'test-tap': 'mocha --require test/support/env --reporter tap --check-leaks test/ test/acceptance/' },
191 silly install resolved     gitHead: '193bed2649c55c1fd362e46cd4702c773f3e7434',
191 silly install resolved     bugs: { url: 'https://github.com/expressjs/express/issues' },
191 silly install resolved     homepage: 'https://github.com/expressjs/express',
191 silly install resolved     _id: 'express@4.13.4',
191 silly install resolved     _shasum: '3c0b76f3c77590c8345739061ec0bd3ba067ec24',
191 silly install resolved     _from: 'express@>=4.13.0 <4.14.0',
191 silly install resolved     _npmVersion: '1.4.28',
191 silly install resolved     _npmUser: { name: 'dougwilson', email: 'doug@somethingdoug.com' },
191 silly install resolved     maintainers: [ [Object] ],
191 silly install resolved     dist:
191 silly install resolved      { shasum: '3c0b76f3c77590c8345739061ec0bd3ba067ec24',
191 silly install resolved        tarball: 'https://registry.npmjs.org/express/-/express-4.13.4.tgz' },
191 silly install resolved     directories: {},
191 silly install resolved     _resolved: 'https://registry.npmjs.org/express/-/express-4.13.4.tgz',
191 silly install resolved     readme: 'ERROR: No README data found!' },
191 silly install resolved   { name: 'cfenv',
191 silly install resolved     main: './lib/cfenv',
191 silly install resolved     description: 'easy access to your Cloud Foundry application environment',
191 silly install resolved     version: '1.0.3',
191 silly install resolved     author: { name: 'pmuellr' },
191 silly install resolved     license: 'Apache-2.0',
191 silly install resolved     homepage: 'https://github.com/cloudfoundry-community/node-cfenv',
191 silly install resolved     repository:
191 silly install resolved      { type: 'git',
191 silly install resolved        url: 'git+https://github.com/cloudfoundry-community/node-cfenv.git' },
191 silly install resolved     dependencies: { 'js-yaml': '3.4.x', ports: '1.1.x', underscore: '1.8.x' },
191 silly install resolved     devDependencies:
191 silly install resolved      { 'coffee-script': '1.10.x',
191 silly install resolved        mocha: '2.3.x',
191 silly install resolved        'expect.js': '0.3.x' },
191 silly install resolved     scripts: { start: 'node server.js' },
191 silly install resolved     gitHead: 'b3eeec9032a98530d8aaffa0d6fbdb3ee10d8757',
191 silly install resolved     bugs: { url: 'https://github.com/cloudfoundry-community/node-cfenv/issues' },
191 silly install resolved     _id: 'cfenv@1.0.3',
191 silly install resolved     _shasum: '472fd0c05b3bdb2d0ede775e124803ab12572793',
191 silly install resolved     _from: 'cfenv@>=1.0.0 <1.1.0',
191 silly install resolved     _npmVersion: '2.14.4',
191 silly install resolved     _nodeVersion: '4.1.1',
191 silly install resolved     _npmUser: { name: 'pmuellr', email: 'pmuellr@apache.org' },
191 silly install resolved     dist:
191 silly install resolved      { shasum: '472fd0c05b3bdb2d0ede775e124803ab12572793',
191 silly install resolved        tarball: 'https://registry.npmjs.org/cfenv/-/cfenv-1.0.3.tgz' },
191 silly install resolved     maintainers: [ [Object] ],
191 silly install resolved     directories: {},
191 silly install resolved     _resolved: 'https://registry.npmjs.org/cfenv/-/cfenv-1.0.3.tgz',
191 silly install resolved     readme: 'ERROR: No README data found!' },
191 silly install resolved   { name: 'mongodb',
191 silly install resolved     version: '2.1.21',
191 silly install resolved     description: 'The official MongoDB driver for Node.js',
191 silly install resolved     main: 'index.js',
191 silly install resolved     repository:
191 silly install resolved      { type: 'git',
191 silly install resolved        url: 'git@github.com:mongodb/node-mongodb-native.git' },
191 silly install resolved     keywords: [ 'mongodb', 'driver', 'official' ],
191 silly install resolved     dependencies:
191 silly install resolved      { 'es6-promise': '3.0.2',
191 silly install resolved        'mongodb-core': '1.3.21',
191 silly install resolved        'readable-stream': '1.0.31' },
191 silly install resolved     devDependencies:
191 silly install resolved      { JSONStream: '^1.0.7',
191 silly install resolved        betterbenchmarks: '^0.1.0',
191 silly install resolved        bluebird: '2.9.27',
191 silly install resolved        bson: '^0.4.20',
191 silly install resolved        'cli-table': '^0.3.1',
191 silly install resolved        co: '4.5.4',
191 silly install resolved        colors: '^1.1.2',
191 silly install resolved        coveralls: '^2.11.6',
191 silly install resolved        'event-stream': '^3.3.2',
191 silly install resolved        gleak: '0.5.0',
191 silly install resolved        integra: '0.1.8',
191 silly install resolved        jsdoc: '3.3.0-beta3',
191 silly install resolved        'ldjson-stream': '^1.2.1',
191 silly install resolved        'mongodb-extended-json': '1.3.0',
191 silly install resolved        'mongodb-topology-manager': '1.0.x',
191 silly install resolved        'mongodb-version-manager': '^0.8.10',
191 silly install resolved        nyc: '^5.5.0',
191 silly install resolved        optimist: '0.6.1',
191 silly install resolved        rimraf: '2.2.6',
191 silly install resolved        semver: '5.1.0',
191 silly install resolved        'worker-farm': '^1.3.1' },
191 silly install resolved     author: { name: 'Christian Kvalheim' },
191 silly install resolved     license: 'Apache-2.0',
191 silly install resolved     engines: { node: '>=0.10.3' },
191 silly install resolved     bugs: { url: 'https://github.com/mongodb/node-mongodb-native/issues' },
191 silly install resolved     scripts:
191 silly install resolved      { test: 'node test/runner.js -t functional',
191 silly install resolved        coverage: 'nyc node test/runner.js -t functional && node_modules/.bin/nyc report --reporter=text-lcov | node_modules/.bin/coveralls' },
191 silly install resolved     nyc: { include: [Object] },
191 silly install resolved     homepage: 'https://github.com/mongodb/node-mongodb-native',
191 silly install resolved     gitHead: '3b4f1c4ebc3e585871b377fc78b67fb2974f8025',
191 silly install resolved     _id: 'mongodb@2.1.21',
191 silly install resolved     _shasum: '764709dbcceb5825b4eb31f95395f965fd442272',
191 silly install resolved     _from: 'mongodb@>=2.0.45 <3.0.0',
191 silly install resolved     _npmVersion: '2.15.1',
191 silly install resolved     _nodeVersion: '4.4.4',
191 silly install resolved     _npmUser: { name: 'christkv', email: 'christkv@gmail.com' },
191 silly install resolved     maintainers: [ [Object] ],
191 silly install resolved     dist:
191 silly install resolved      { shasum: '764709dbcceb5825b4eb31f95395f965fd442272',
191 silly install resolved        tarball: 'https://registry.npmjs.org/mongodb/-/mongodb-2.1.21.tgz' },
191 silly install resolved     _npmOperationalInternal:
191 silly install resolved      { host: 'packages-12-west.internal.npmjs.com',
191 silly install resolved        tmp: 'tmp/mongodb-2.1.21.tgz_1464625199994_0.5781042464077473' },
191 silly install resolved     directories: {},
191 silly install resolved     _resolved: 'https://registry.npmjs.org/mongodb/-/mongodb-2.1.21.tgz' } ]
192 info install moment@2.13.0 into /Users/josephhsieh/Documents/GitHub/team-c-server
193 info install mongoose@3.6.20 into /Users/josephhsieh/Documents/GitHub/team-c-server
194 info install body-parser@1.0.2 into /Users/josephhsieh/Documents/GitHub/team-c-server
195 info install express@4.13.4 into /Users/josephhsieh/Documents/GitHub/team-c-server
196 info install cfenv@1.0.3 into /Users/josephhsieh/Documents/GitHub/team-c-server
197 info install mongodb@2.1.21 into /Users/josephhsieh/Documents/GitHub/team-c-server
198 info installOne moment@2.13.0
199 verbose installOne of moment to /Users/josephhsieh/Documents/GitHub/team-c-server not in flight; installing
200 info installOne mongoose@3.6.20
201 verbose installOne of mongoose to /Users/josephhsieh/Documents/GitHub/team-c-server not in flight; installing
202 info installOne body-parser@1.0.2
203 verbose installOne of body-parser to /Users/josephhsieh/Documents/GitHub/team-c-server not in flight; installing
204 info installOne express@4.13.4
205 verbose installOne of express to /Users/josephhsieh/Documents/GitHub/team-c-server not in flight; installing
206 info installOne cfenv@1.0.3
207 verbose installOne of cfenv to /Users/josephhsieh/Documents/GitHub/team-c-server not in flight; installing
208 info installOne mongodb@2.1.21
209 verbose installOne of mongodb to /Users/josephhsieh/Documents/GitHub/team-c-server not in flight; installing
210 warn locking Error: EACCES, open '/Users/josephhsieh/.npm/_locks/body-parser-3d8247111127c66b.lock'
210 warn locking     at Error (native)
210 warn locking  /Users/josephhsieh/.npm/_locks/body-parser-3d8247111127c66b.lock failed { [Error: EACCES, open '/Users/josephhsieh/.npm/_locks/body-parser-3d8247111127c66b.lock']
210 warn locking   errno: -13,
210 warn locking   code: 'EACCES',
210 warn locking   path: '/Users/josephhsieh/.npm/_locks/body-parser-3d8247111127c66b.lock' }
211 verbose stack Error: Attempt to unlock /Users/josephhsieh/Documents/GitHub/team-c-server/node_modules/body-parser, which hasn't been locked
211 verbose stack     at unlock (/usr/local/lib/node_modules/npm/lib/utils/locker.js:66:11)
211 verbose stack     at cb (/usr/local/lib/node_modules/npm/lib/install.js:929:5)
211 verbose stack     at /usr/local/lib/node_modules/npm/lib/install.js:933:20
211 verbose stack     at /usr/local/lib/node_modules/npm/lib/utils/locker.js:40:9
211 verbose stack     at cb (/usr/local/lib/node_modules/npm/node_modules/lockfile/lockfile.js:149:38)
211 verbose stack     at /usr/local/lib/node_modules/npm/node_modules/lockfile/lockfile.js:177:38
211 verbose stack     at FSReqWrap.oncomplete (fs.js:99:15)
212 verbose cwd /Users/josephhsieh/Documents/GitHub/team-c-server
213 error Darwin 15.5.0
214 error argv "node" "/usr/local/bin/npm" "install"
215 error node v0.12.1
216 error npm  v2.5.1
217 error Attempt to unlock /Users/josephhsieh/Documents/GitHub/team-c-server/node_modules/body-parser, which hasn't been locked
218 error If you need help, you may report this error at:
218 error     <http://github.com/npm/npm/issues>
219 verbose exit [ 1, true ]
